[debug] [2024-09-24T09:54:56.244Z] ----------------------------------------------------------------------
[debug] [2024-09-24T09:54:56.247Z] Command:       C:\Program Files\nodejs\node.exe C:\Users\mani\AppData\Roaming\npm\node_modules\firebase-tools\lib\bin\firebase.js init
[debug] [2024-09-24T09:54:56.248Z] CLI Version:   13.19.0
[debug] [2024-09-24T09:54:56.248Z] Platform:      win32
[debug] [2024-09-24T09:54:56.248Z] Node Version:  v20.17.0
[debug] [2024-09-24T09:54:56.249Z] Time:          Tue Sep 24 2024 15:24:56 GMT+0530 (India Standard Time)
[debug] [2024-09-24T09:54:56.249Z] ----------------------------------------------------------------------
[debug] 
[debug] [2024-09-24T09:54:56.341Z] > command requires scopes: ["email","openid","https://www.googleapis.com/auth/cloudplatformprojects.readonly","https://www.googleapis.com/auth/firebase","https://www.googleapis.com/auth/cloud-platform"]
[debug] [2024-09-24T09:54:56.342Z] > authorizing via signed-in user (manikumarjithendra1@gmail.com)
[info] 
     ######## #### ########  ######## ########     ###     ######  ########
     ##        ##  ##     ## ##       ##     ##  ##   ##  ##       ##
     ######    ##  ########  ######   ########  #########  ######  ######
     ##        ##  ##    ##  ##       ##     ## ##     ##       ## ##
     ##       #### ##     ## ######## ########  ##     ##  ######  ########

You're about to initialize a Firebase project in this directory:

  C:\Users\mani\OneDrive\Desktop\html

Before we get started, keep in mind:

  * You are initializing within an existing Firebase project directory

[info] 
=== Project Setup
[info] 
[info] First, let's associate this project directory with a Firebase project.
[info] You can create multiple project aliases by running firebase use --add, 
[info] but for now we'll just set up a default project.
[info] 
[debug] [2024-09-24T09:55:09.739Z] Using project from CLI flag: movies-618ef
[debug] [2024-09-24T09:55:09.742Z] >>> [apiv2][query] GET https://firebase.googleapis.com/v1beta1/projects/movies-618ef [none]
[debug] [2024-09-24T09:55:10.345Z] <<< [apiv2][status] GET https://firebase.googleapis.com/v1beta1/projects/movies-618ef 403
[debug] [2024-09-24T09:55:10.345Z] <<< [apiv2][body] GET https://firebase.googleapis.com/v1beta1/projects/movies-618ef {"error":{"code":403,"message":"The caller does not have permission","status":"PERMISSION_DENIED"}}
[debug] [2024-09-24T09:55:10.346Z] HTTP Error: 403, The caller does not have permission
[debug] [2024-09-24T09:55:10.517Z] FirebaseError: HTTP Error: 403, The caller does not have permission
    at responseToError (C:\Users\mani\AppData\Roaming\npm\node_modules\firebase-tools\lib\responseToError.js:49:12)
    at RetryOperation._fn (C:\Users\mani\AppData\Roaming\npm\node_modules\firebase-tools\lib\apiv2.js:305:77)
    at process.processTicksAndRejections (node:internal/process/task_queues:95:5)
[error] 
[error] Error: Failed to get Firebase project movies-618ef. Please make sure the project exists and your account has permission to access it.
